<?xml version="1.0" encoding="utf-8"?><testsuites><testsuite name="pytest" errors="0" failures="0" skipped="0" tests="14" time="2.731" timestamp="2024-05-24T14:36:43.646167" hostname="LAPTOP-4CIQB0EJ"><testcase classname="ex1_test" name="test_hi_my_name_is" time="0.001" /><testcase classname="numeric_derivation_test" name="test_derive" time="0.001" /><testcase classname="numeric_derivation_test" name="test_derive2" time="0.001" /><testcase classname="numeric_derivation_test" name="test_derive3" time="0.000" /><testcase classname="rmse_test" name="test_rmse" time="0.001" /><testcase classname="tensor_multiplication_test" name="test_tensor_creation" time="0.001" /><testcase classname="tensor_multiplication_test" name="test_elementwise_product" time="0.001" /><testcase classname="tensor_multiplication_test" name="test_elementwise_product_fails" time="0.468" /><testcase classname="tensor_multiplication_test" name="test_product" time="0.001" /><testcase classname="tensor_multiplication_test" name="test_product_fails" time="0.002" /><testcase classname="tensor_multiplication_test" name="test_neuron" time="0.001" /><testcase classname="tensor_multiplication_test" name="test_a_batch_of_inputs" time="0.001" /><testcase classname="tensor_multiplication_test" name="test_two_neurons" time="0.001" /><testcase classname="tensor_multiplication_test" name="test_two_neurons_with_a_batch_of_inputs" time="0.001" /></testsuite></testsuites>